<?xml version="1.0" encoding="UTF-8"?>
<testsuite xmlns:xsi="http://www.w3.org/2001/XMLSchema-instance" xsi:noNamespaceSchemaLocation="https://maven.apache.org/surefire/maven-surefire-plugin/xsd/surefire-test-report.xsd" name="com.hospital.tests.PatientTestSuite" time="9.62" tests="2" errors="0" skipped="0" failures="0">
  <properties>
[...]
</properties>
  <testcase name="testPatientRegistration" classname="com.hospital.tests.PatientRegistrationTest" time="6.035"/>
  <testcase name="testPatientSearch" classname="com.hospital.tests.PatientSearchTest" time="3.541"/>
</testsuite>